2024-06-01 10:54:39 - #----------Config info----------#
2024-06-01 10:54:39 - model_config: {'num_classes': 2, 'input_channels': 4, 'c_list': [8, 16, 24, 32, 48, 64], 'split_att': 'fc', 'bridge': True},
2024-06-01 10:54:39 - test_weights: ,
2024-06-01 10:54:39 - datasets: ISIC2017,
2024-06-01 10:54:39 - data_path: ,
2024-06-01 10:54:39 - criterion: BceDiceLoss(
  (bce): BCELoss(
    (bceloss): BCELoss()
  )
  (dice): DiceLoss()
),
2024-06-01 10:54:39 - num_classes: 1,
2024-06-01 10:54:39 - input_size_h: 384,
2024-06-01 10:54:39 - input_size_w: 384,
2024-06-01 10:54:39 - input_channels: 4,
2024-06-01 10:54:39 - distributed: False,
2024-06-01 10:54:39 - local_rank: -1,
2024-06-01 10:54:39 - num_workers: 0,
2024-06-01 10:54:39 - seed: 42,
2024-06-01 10:54:39 - world_size: None,
2024-06-01 10:54:39 - rank: None,
2024-06-01 10:54:39 - amp: False,
2024-06-01 10:54:39 - batch_size: 4,
2024-06-01 10:54:39 - epochs: 80,
2024-06-01 10:54:39 - work_dir: ./results/,
2024-06-01 10:54:39 - print_interval: 5000,
2024-06-01 10:54:39 - val_interval: 1,
2024-06-01 10:54:39 - save_interval: 1,
2024-06-01 10:54:39 - threshold: 0.5,
2024-06-01 10:54:39 - opt: AdamW,
2024-06-01 10:54:39 - lr: 0.001,
2024-06-01 10:54:39 - betas: (0.9, 0.999),
2024-06-01 10:54:39 - eps: 1e-08,
2024-06-01 10:54:39 - weight_decay: 0.01,
2024-06-01 10:54:39 - amsgrad: False,
2024-06-01 10:54:39 - sch: CosineAnnealingLR,
2024-06-01 10:54:39 - T_max: 50,
2024-06-01 10:54:39 - eta_min: 1e-05,
2024-06-01 10:54:39 - last_epoch: -1,
2024-06-01 10:54:41 - train: epoch 1, iter:0, loss: 1.5209, lr: 0.001
2024-06-01 12:01:44 - train: epoch 1, iter:5000, loss: 0.7969, lr: 0.001
2024-06-01 12:24:39 - val epoch: 1,  miou: 0.7440604166754949, f1_or_dsc: 0.8532507355379502, accuracy: 0.876666443593115
2024-06-01 12:24:40 - train: epoch 2, iter:0, loss: 0.6451, lr: 0.0009990232305719944
2024-06-01 13:35:32 - train: epoch 2, iter:5000, loss: 0.6645, lr: 0.0009990232305719944
2024-06-01 13:57:39 - val epoch: 2,  miou: 0.7686450127792283, f1_or_dsc: 0.8691908293924833, accuracy: 0.8921314791261271
2024-06-01 13:57:39 - train: epoch 3, iter:0, loss: 0.7185, lr: 0.0009960967771506664
2024-06-01 15:07:28 - train: epoch 3, iter:5000, loss: 0.6472, lr: 0.0009960967771506664
2024-06-01 15:30:06 - val epoch: 3,  miou: 0.7499438169078837, f1_or_dsc: 0.8571061649659355, accuracy: 0.8806500092206098
2024-06-01 15:30:07 - train: epoch 4, iter:0, loss: 0.6334, lr: 0.0009912321891107007
2024-06-01 16:39:58 - train: epoch 4, iter:5000, loss: 0.6707, lr: 0.0009912321891107007
2024-06-01 17:02:46 - val epoch: 4,  miou: 0.6824014862907296, f1_or_dsc: 0.8112231139253836, accuracy: 0.8222004402150124
2024-06-01 17:02:47 - train: epoch 5, iter:0, loss: 0.8665, lr: 0.0009844486647586721
2024-06-01 18:12:42 - train: epoch 5, iter:5000, loss: 0.6339, lr: 0.0009844486647586721
2024-06-01 18:35:37 - val epoch: 5,  miou: 0.7872580158766279, f1_or_dsc: 0.8809673912588246, accuracy: 0.898579188027864
2024-06-01 18:35:38 - train: epoch 6, iter:0, loss: 0.6594, lr: 0.0009757729755661009
2024-06-01 19:45:31 - train: epoch 6, iter:5000, loss: 0.5539, lr: 0.0009757729755661009
2024-06-01 20:08:40 - val epoch: 6,  miou: 0.8004455465496378, f1_or_dsc: 0.8891638495633556, accuracy: 0.9066066696263335
2024-06-01 20:08:41 - train: epoch 7, iter:0, loss: 0.5424, lr: 0.0009652393605146842
2024-06-01 21:17:33 - train: epoch 7, iter:5000, loss: 0.6410, lr: 0.0009652393605146842
2024-06-01 21:40:13 - val epoch: 7,  miou: 0.7191604655419971, f1_or_dsc: 0.8366414653623022, accuracy: 0.8554540836670046
2024-06-01 21:40:14 - train: epoch 8, iter:0, loss: 0.7198, lr: 0.0009528893909706795
2024-06-01 22:49:41 - train: epoch 8, iter:5000, loss: 0.5834, lr: 0.0009528893909706795
2024-06-01 23:11:53 - val epoch: 8,  miou: 0.6923926453790138, f1_or_dsc: 0.8182411419354182, accuracy: 0.8292430547405132
2024-06-01 23:11:54 - train: epoch 9, iter:0, loss: 0.8980, lr: 0.0009387718066217122
2024-06-02 00:20:09 - train: epoch 9, iter:5000, loss: 0.6548, lr: 0.0009387718066217122
2024-06-02 00:43:19 - val epoch: 9,  miou: 0.7559496038677876, f1_or_dsc: 0.8610151478182241, accuracy: 0.8774647014010791
2024-06-02 00:43:20 - train: epoch 10, iter:0, loss: 0.5344, lr: 0.0009229423231234972
2024-06-02 01:50:52 - train: epoch 10, iter:5000, loss: 0.5791, lr: 0.0009229423231234972
2024-06-02 02:12:00 - val epoch: 10,  miou: 0.7736088921618267, f1_or_dsc: 0.8723556761365645, accuracy: 0.8919457593203992
2024-06-02 02:12:01 - train: epoch 11, iter:0, loss: 0.4875, lr: 0.0009054634122155987
2024-06-02 03:16:34 - train: epoch 11, iter:5000, loss: 0.5372, lr: 0.0009054634122155987
2024-06-02 03:38:45 - val epoch: 11,  miou: 0.8202978422926215, f1_or_dsc: 0.9012787064115574, accuracy: 0.9170153382468339
2024-06-02 03:38:46 - train: epoch 12, iter:0, loss: 0.5954, lr: 0.0008864040551740153
2024-06-02 04:44:55 - train: epoch 12, iter:5000, loss: 0.5218, lr: 0.0008864040551740153
2024-06-02 05:06:14 - val epoch: 12,  miou: 0.7827187138983397, f1_or_dsc: 0.8781180202980408, accuracy: 0.8978773240401494
2024-06-02 05:06:15 - train: epoch 13, iter:0, loss: 0.4627, lr: 0.0008658394705735984
2024-06-02 06:09:50 - train: epoch 13, iter:5000, loss: 0.5344, lr: 0.0008658394705735984
2024-06-02 06:32:02 - val epoch: 13,  miou: 0.8023568480569416, f1_or_dsc: 0.8903418309442269, accuracy: 0.9077321882058975
2024-06-02 06:32:03 - train: epoch 14, iter:0, loss: 0.5677, lr: 0.0008438508174347006
2024-06-02 07:36:26 - train: epoch 14, iter:5000, loss: 0.5071, lr: 0.0008438508174347006
2024-06-02 07:58:07 - val epoch: 14,  miou: 0.8296698419866453, f1_or_dsc: 0.906906615551792, accuracy: 0.9216696243845367
2024-06-02 07:58:08 - train: epoch 15, iter:0, loss: 0.5242, lr: 0.000820524874925601
2024-06-02 09:02:06 - train: epoch 15, iter:5000, loss: 0.4648, lr: 0.000820524874925601
2024-06-02 09:23:59 - val epoch: 15,  miou: 0.7824923650172946, f1_or_dsc: 0.8779755586888054, accuracy: 0.8964618231321213
2024-06-02 09:24:00 - train: epoch 16, iter:0, loss: 0.5264, lr: 0.000795953699884774
2024-06-02 10:29:34 - train: epoch 16, iter:5000, loss: 0.4543, lr: 0.000795953699884774
2024-06-02 10:51:35 - val epoch: 16,  miou: 0.8294590852247132, f1_or_dsc: 0.9067806893564175, accuracy: 0.9225206331518411
2024-06-02 10:51:35 - train: epoch 17, iter:0, loss: 0.4105, lr: 0.000770234263514603
2024-06-02 11:56:58 - train: epoch 17, iter:5000, loss: 0.4385, lr: 0.000770234263514603
2024-06-02 12:19:36 - val epoch: 17,  miou: 0.7982748265614622, f1_or_dsc: 0.8878229453813449, accuracy: 0.904048647646271
2024-06-02 12:19:37 - train: epoch 18, iter:0, loss: 0.5438, lr: 0.0007434680686803488
2024-06-02 13:23:50 - train: epoch 18, iter:5000, loss: 0.5026, lr: 0.0007434680686803488
2024-06-02 13:44:48 - val epoch: 18,  miou: 0.7915296080424994, f1_or_dsc: 0.8836355307656433, accuracy: 0.901527257390946
2024-06-02 13:44:49 - train: epoch 19, iter:0, loss: 0.4935, lr: 0.0007157607493247108
2024-06-02 14:39:32 - train: epoch 19, iter:5000, loss: 0.4514, lr: 0.0007157607493247108
2024-06-02 15:00:34 - val epoch: 19,  miou: 0.8439127886126813, f1_or_dsc: 0.9153500033454645, accuracy: 0.930678881210481
2024-06-02 15:00:35 - train: epoch 20, iter:0, loss: 0.4494, lr: 0.0006872216535789154
2024-06-02 15:56:06 - train: epoch 20, iter:5000, loss: 0.4009, lr: 0.0006872216535789154
2024-06-02 16:16:20 - val epoch: 20,  miou: 0.8125475817254244, f1_or_dsc: 0.8965806910866675, accuracy: 0.9145170190059375
2024-06-02 16:16:21 - train: epoch 21, iter:0, loss: 0.4489, lr: 0.0006579634122155987
2024-06-02 17:09:07 - train: epoch 21, iter:5000, loss: 0.4228, lr: 0.0006579634122155987
2024-06-02 17:29:39 - val epoch: 21,  miou: 0.8755341527330422, f1_or_dsc: 0.933637120344844, accuracy: 0.9460914085250313
2024-06-02 17:29:40 - train: epoch 22, iter:0, loss: 0.4099, lr: 0.0006281014941466028
2024-06-02 18:22:14 - train: epoch 22, iter:5000, loss: 0.3919, lr: 0.0006281014941466028
2024-06-02 18:42:52 - val epoch: 22,  miou: 0.8664931954616837, f1_or_dsc: 0.9284718503860964, accuracy: 0.9415750745090469
2024-06-02 18:42:53 - train: epoch 23, iter:0, loss: 0.4196, lr: 0.0005977537507199335
2024-06-02 19:35:16 - train: epoch 23, iter:5000, loss: 0.3953, lr: 0.0005977537507199335
2024-06-02 19:55:57 - val epoch: 23,  miou: 0.8426043203207418, f1_or_dsc: 0.9145797728012163, accuracy: 0.9290793091856834
2024-06-02 19:55:58 - train: epoch 24, iter:0, loss: 0.4349, lr: 0.0005670399506143305
2024-06-02 20:47:23 - train: epoch 24, iter:5000, loss: 0.3812, lr: 0.0005670399506143305
2024-06-02 21:08:06 - val epoch: 24,  miou: 0.8661572556420838, f1_or_dsc: 0.9282789572243925, accuracy: 0.9415862086964879
2024-06-02 21:08:07 - train: epoch 25, iter:0, loss: 0.3961, lr: 0.0005360813071670099
2024-06-02 21:59:56 - train: epoch 25, iter:5000, loss: 0.3707, lr: 0.0005360813071670099
2024-06-02 22:20:40 - val epoch: 25,  miou: 0.8467437423891728, f1_or_dsc: 0.9170127104843706, accuracy: 0.9334427713750885
2024-06-02 22:20:41 - train: epoch 26, iter:0, loss: 0.3576, lr: 0.0005049999999999998
2024-06-02 23:19:00 - train: epoch 26, iter:5000, loss: 0.3833, lr: 0.0005049999999999998
2024-06-02 23:41:16 - val epoch: 26,  miou: 0.8657975997696202, f1_or_dsc: 0.928072369560905, accuracy: 0.941812111862651
2024-06-02 23:41:17 - train: epoch 27, iter:0, loss: 0.3747, lr: 0.0004739186928329897
2024-06-03 00:46:24 - train: epoch 27, iter:5000, loss: 0.3720, lr: 0.0004739186928329897
2024-06-03 01:08:32 - val epoch: 27,  miou: 0.8810193038565527, f1_or_dsc: 0.9367466905312947, accuracy: 0.9490355754298321
2024-06-03 01:08:33 - train: epoch 28, iter:0, loss: 0.3536, lr: 0.0004429600493856692
2024-06-03 02:13:27 - train: epoch 28, iter:5000, loss: 0.3629, lr: 0.0004429600493856692
2024-06-03 02:35:26 - val epoch: 28,  miou: 0.8589354270433863, f1_or_dsc: 0.9241153991126119, accuracy: 0.9376991804075722
2024-06-03 02:35:27 - train: epoch 29, iter:0, loss: 0.4085, lr: 0.0004122462492800661
2024-06-03 03:40:28 - train: epoch 29, iter:5000, loss: 0.3481, lr: 0.0004122462492800661
2024-06-03 04:02:16 - val epoch: 29,  miou: 0.8794636627676038, f1_or_dsc: 0.9358666306669103, accuracy: 0.9479199383530305
2024-06-03 04:02:17 - train: epoch 30, iter:0, loss: 0.3661, lr: 0.0003818985058533967
2024-06-03 05:08:54 - train: epoch 30, iter:5000, loss: 0.3548, lr: 0.0003818985058533967
2024-06-03 05:31:30 - val epoch: 30,  miou: 0.8788320018479916, f1_or_dsc: 0.9355088703871185, accuracy: 0.9481165310010932
2024-06-03 05:31:31 - train: epoch 31, iter:0, loss: 0.3402, lr: 0.00035203658778440103
2024-06-03 06:36:35 - train: epoch 31, iter:5000, loss: 0.3442, lr: 0.00035203658778440103
2024-06-03 06:58:53 - val epoch: 31,  miou: 0.8659522854291429, f1_or_dsc: 0.92816123133608, accuracy: 0.9412674456274607
2024-06-03 06:58:54 - train: epoch 32, iter:0, loss: 0.3828, lr: 0.00032277834642108444
2024-06-03 08:03:19 - train: epoch 32, iter:5000, loss: 0.3327, lr: 0.00032277834642108444
2024-06-03 08:25:30 - val epoch: 32,  miou: 0.875518180785156, f1_or_dsc: 0.9336280391786276, accuracy: 0.9465139442054599
2024-06-03 08:25:31 - train: epoch 33, iter:0, loss: 0.3882, lr: 0.0002942392506752889
2024-06-03 09:30:09 - train: epoch 33, iter:5000, loss: 0.3342, lr: 0.0002942392506752889
2024-06-03 09:52:14 - val epoch: 33,  miou: 0.8794289490256566, f1_or_dsc: 0.9358469757333202, accuracy: 0.9481221769413033
2024-06-03 09:52:15 - train: epoch 34, iter:0, loss: 0.3483, lr: 0.00026653193131965077
2024-06-03 10:58:00 - train: epoch 34, iter:5000, loss: 0.3216, lr: 0.00026653193131965077
2024-06-03 11:20:36 - val epoch: 34,  miou: 0.8845121185019037, f1_or_dsc: 0.9387173580025032, accuracy: 0.9504201056138984
2024-06-03 11:20:37 - train: epoch 35, iter:0, loss: 0.3445, lr: 0.00023976573648539642
2024-06-03 12:25:43 - train: epoch 35, iter:5000, loss: 0.3164, lr: 0.00023976573648539642
2024-06-03 12:47:50 - val epoch: 35,  miou: 0.8853350383797052, f1_or_dsc: 0.9391805916263879, accuracy: 0.9511308376169125
2024-06-03 12:47:51 - train: epoch 36, iter:0, loss: 0.3009, lr: 0.00021404630011522574
2024-06-03 13:52:46 - train: epoch 36, iter:5000, loss: 0.3164, lr: 0.00021404630011522574
2024-06-03 14:14:38 - val epoch: 36,  miou: 0.8804857371137254, f1_or_dsc: 0.9364450043265354, accuracy: 0.949111501055728
2024-06-03 14:14:39 - train: epoch 37, iter:0, loss: 0.3258, lr: 0.00018947512507439847
2024-06-03 15:20:02 - train: epoch 37, iter:5000, loss: 0.3093, lr: 0.00018947512507439847
2024-06-03 15:42:35 - val epoch: 37,  miou: 0.8903650538662994, f1_or_dsc: 0.9420032940677421, accuracy: 0.9535084065595744
2024-06-03 15:42:36 - train: epoch 38, iter:0, loss: 0.2959, lr: 0.000166149182565299
2024-06-03 16:46:37 - train: epoch 38, iter:5000, loss: 0.3033, lr: 0.000166149182565299
2024-06-03 17:09:21 - val epoch: 38,  miou: 0.8865212704783499, f1_or_dsc: 0.9398476278547996, accuracy: 0.9515950325931898
2024-06-03 17:09:22 - train: epoch 39, iter:0, loss: 0.2857, lr: 0.00014416052942640132
2024-06-03 18:09:47 - train: epoch 39, iter:5000, loss: 0.2974, lr: 0.00014416052942640132
2024-06-03 18:32:04 - val epoch: 39,  miou: 0.8853897741123408, f1_or_dsc: 0.9392113888272154, accuracy: 0.9511866281527256
2024-06-03 18:32:05 - train: epoch 40, iter:0, loss: 0.3174, lr: 0.00012359594482598432
2024-06-03 19:32:32 - train: epoch 40, iter:5000, loss: 0.2945, lr: 0.00012359594482598432
2024-06-03 19:54:49 - val epoch: 40,  miou: 0.886151601845035, f1_or_dsc: 0.9396398475904066, accuracy: 0.9515397594320955
2024-06-03 19:54:50 - train: epoch 41, iter:0, loss: 0.3057, lr: 0.00010453658778440102
2024-06-03 20:54:40 - train: epoch 41, iter:5000, loss: 0.2909, lr: 0.00010453658778440102
2024-06-03 21:16:16 - val epoch: 41,  miou: 0.8910212506995338, f1_or_dsc: 0.9423704258954507, accuracy: 0.9539189460566692
2024-06-03 21:16:17 - train: epoch 42, iter:0, loss: 0.3129, lr: 8.70576768765026e-05
2024-06-03 22:17:15 - train: epoch 42, iter:5000, loss: 0.2869, lr: 8.70576768765026e-05
2024-06-03 22:39:20 - val epoch: 42,  miou: 0.8869737516898611, f1_or_dsc: 0.9401018439133457, accuracy: 0.9519513434236996
2024-06-03 22:39:21 - train: epoch 43, iter:0, loss: 0.3019, lr: 7.12281933782875e-05
2024-06-03 23:40:18 - train: epoch 43, iter:5000, loss: 0.2847, lr: 7.12281933782875e-05
2024-06-04 00:02:18 - val epoch: 43,  miou: 0.8787496910011197, f1_or_dsc: 0.9354622334312825, accuracy: 0.948349443531597
2024-06-04 00:02:19 - train: epoch 44, iter:0, loss: 0.3178, lr: 5.71106090293204e-05
2024-06-04 01:03:32 - train: epoch 44, iter:5000, loss: 0.2814, lr: 5.71106090293204e-05
2024-06-04 01:25:26 - val epoch: 44,  miou: 0.8896379496731532, f1_or_dsc: 0.9415961928866131, accuracy: 0.9531486158525315
2024-06-04 01:25:27 - train: epoch 45, iter:0, loss: 0.3163, lr: 4.4760639485315563e-05
2024-06-04 02:25:49 - train: epoch 45, iter:5000, loss: 0.2789, lr: 4.4760639485315563e-05
2024-06-04 02:46:56 - val epoch: 45,  miou: 0.8861965999376329, f1_or_dsc: 0.9396651440967871, accuracy: 0.9515891704895697
2024-06-04 02:46:57 - train: epoch 46, iter:0, loss: 0.3168, lr: 3.422702443389899e-05
2024-06-04 03:47:05 - train: epoch 46, iter:5000, loss: 0.2764, lr: 3.422702443389899e-05
2024-06-04 04:08:02 - val epoch: 46,  miou: 0.8861394545796399, f1_or_dsc: 0.9396330185745805, accuracy: 0.9514454111909995
2024-06-04 04:08:03 - train: epoch 47, iter:0, loss: 0.3156, lr: 2.5551335241327665e-05
2024-06-04 05:06:35 - train: epoch 47, iter:5000, loss: 0.2748, lr: 2.5551335241327665e-05
2024-06-04 05:28:06 - val epoch: 47,  miou: 0.8860327729208437, f1_or_dsc: 0.9395730399198426, accuracy: 0.9513988687282844
2024-06-04 05:28:07 - train: epoch 48, iter:0, loss: 0.3129, lr: 1.876781088929908e-05
2024-06-04 06:26:17 - train: epoch 48, iter:5000, loss: 0.2729, lr: 1.876781088929908e-05
2024-06-04 06:47:50 - val epoch: 48,  miou: 0.8853983209059277, f1_or_dsc: 0.9392161975412142, accuracy: 0.9512409941362309
2024-06-04 06:47:51 - train: epoch 49, iter:0, loss: 0.3169, lr: 1.3903222849333505e-05
2024-06-04 07:45:40 - train: epoch 49, iter:5000, loss: 0.2712, lr: 1.3903222849333505e-05
2024-06-04 08:03:54 - val epoch: 49,  miou: 0.886137097159415, f1_or_dsc: 0.9396316932570457, accuracy: 0.9516071466033003
2024-06-04 08:03:54 - train: epoch 50, iter:0, loss: 0.3149, lr: 1.0976769428005579e-05
2024-06-04 08:48:17 - train: epoch 50, iter:5000, loss: 0.2707, lr: 1.0976769428005579e-05
2024-06-04 09:06:35 - val epoch: 50,  miou: 0.8863740102761392, f1_or_dsc: 0.9397648668265804, accuracy: 0.9517505550792873
2024-06-04 09:06:36 - train: epoch 51, iter:0, loss: 0.3180, lr: 1e-05
2024-06-04 09:51:07 - train: epoch 51, iter:5000, loss: 0.2700, lr: 1e-05
2024-06-04 10:09:30 - val epoch: 51,  miou: 0.88644674435976, f1_or_dsc: 0.939805745388917, accuracy: 0.9517103291949026
2024-06-04 10:09:30 - train: epoch 52, iter:0, loss: 0.3173, lr: 1.0976769428005579e-05
2024-06-04 10:54:00 - train: epoch 52, iter:5000, loss: 0.2702, lr: 1.0976769428005579e-05
2024-06-04 11:12:10 - val epoch: 52,  miou: 0.8875196624105571, f1_or_dsc: 0.9404083889405455, accuracy: 0.9522182396771696
2024-06-04 11:12:11 - train: epoch 53, iter:0, loss: 0.3188, lr: 1.3903222849333451e-05
2024-06-04 11:56:41 - train: epoch 53, iter:5000, loss: 0.2698, lr: 1.3903222849333451e-05
2024-06-04 12:14:58 - val epoch: 53,  miou: 0.8872416801035813, f1_or_dsc: 0.9402523158082065, accuracy: 0.9520553109365362
2024-06-04 12:14:58 - train: epoch 54, iter:0, loss: 0.3172, lr: 1.8767810889299133e-05
2024-06-04 12:59:29 - train: epoch 54, iter:5000, loss: 0.2695, lr: 1.8767810889299133e-05
2024-06-04 13:17:40 - val epoch: 54,  miou: 0.8882983560273742, f1_or_dsc: 0.9408453417246917, accuracy: 0.9525369522490066
2024-06-04 13:17:40 - train: epoch 55, iter:0, loss: 0.3178, lr: 2.555133524132755e-05
2024-06-04 14:02:14 - train: epoch 55, iter:5000, loss: 0.2719, lr: 2.555133524132755e-05
2024-06-04 14:20:26 - val epoch: 55,  miou: 0.8873238296770359, f1_or_dsc: 0.9402984434620075, accuracy: 0.952093124472703
2024-06-04 14:20:26 - train: epoch 56, iter:0, loss: 0.3184, lr: 3.422702443389893e-05
2024-06-04 15:05:28 - train: epoch 56, iter:5000, loss: 0.2708, lr: 3.422702443389893e-05
2024-06-04 15:23:44 - val epoch: 56,  miou: 0.8891105383933839, f1_or_dsc: 0.9413007024454358, accuracy: 0.9529586808603105
2024-06-04 15:23:45 - train: epoch 57, iter:0, loss: 0.3184, lr: 4.47606394853155e-05
2024-06-04 16:08:41 - train: epoch 57, iter:5000, loss: 0.2731, lr: 4.47606394853155e-05
2024-06-04 16:26:58 - val epoch: 57,  miou: 0.883255160391, f1_or_dsc: 0.9380090164814621, accuracy: 0.9502725669993174
2024-06-04 16:26:59 - train: epoch 58, iter:0, loss: 0.3186, lr: 5.711060902932022e-05
2024-06-04 17:11:55 - train: epoch 58, iter:5000, loss: 0.2741, lr: 5.711060902932022e-05
2024-06-04 17:30:13 - val epoch: 58,  miou: 0.8879895173186094, f1_or_dsc: 0.9406720844295408, accuracy: 0.9522695793729362
2024-06-04 17:30:13 - train: epoch 59, iter:0, loss: 0.3171, lr: 7.122819337828753e-05
2024-06-04 18:15:10 - train: epoch 59, iter:5000, loss: 0.2753, lr: 7.122819337828753e-05
2024-06-04 18:33:31 - val epoch: 59,  miou: 0.887633556259266, f1_or_dsc: 0.9404723213527676, accuracy: 0.9520683285805732
2024-06-04 18:33:32 - train: epoch 60, iter:0, loss: 0.3155, lr: 8.705767687650243e-05
2024-06-04 19:18:31 - train: epoch 60, iter:5000, loss: 0.2783, lr: 8.705767687650243e-05
2024-06-04 19:36:59 - val epoch: 60,  miou: 0.8890121973378106, f1_or_dsc: 0.9412455870752954, accuracy: 0.9527490696822951
2024-06-04 19:37:00 - train: epoch 61, iter:0, loss: 0.3207, lr: 0.00010453658778440077
2024-06-04 20:22:39 - train: epoch 61, iter:5000, loss: 0.2836, lr: 0.00010453658778440077
2024-06-04 20:41:15 - val epoch: 61,  miou: 0.8838528270868753, f1_or_dsc: 0.9383459412311254, accuracy: 0.9501947162787916
2024-06-04 20:41:15 - train: epoch 62, iter:0, loss: 0.3192, lr: 0.00012359594482598424
2024-06-04 21:26:16 - train: epoch 62, iter:5000, loss: 0.2858, lr: 0.00012359594482598424
2024-06-04 21:45:06 - val epoch: 62,  miou: 0.8881082618352504, f1_or_dsc: 0.9407387063409223, accuracy: 0.9524306122541548
2024-06-04 21:45:06 - train: epoch 63, iter:0, loss: 0.3072, lr: 0.00014416052942640108
2024-06-04 22:30:11 - train: epoch 63, iter:5000, loss: 0.2866, lr: 0.00014416052942640108
2024-06-04 22:49:01 - val epoch: 63,  miou: 0.8741103545865903, f1_or_dsc: 0.932826983691054, accuracy: 0.9462962490474636
2024-06-04 22:49:02 - train: epoch 64, iter:0, loss: 0.3181, lr: 0.00016614918256529902
2024-06-04 23:34:11 - train: epoch 64, iter:5000, loss: 0.2937, lr: 0.00016614918256529902
2024-06-04 23:53:04 - val epoch: 64,  miou: 0.8765984297654931, f1_or_dsc: 0.9342418877277183, accuracy: 0.9468209361137192
2024-06-04 23:53:05 - train: epoch 65, iter:0, loss: 0.3141, lr: 0.00018947512507439852
2024-06-05 00:38:19 - train: epoch 65, iter:5000, loss: 0.2914, lr: 0.00018947512507439852
2024-06-05 00:57:08 - val epoch: 65,  miou: 0.8614296972658307, f1_or_dsc: 0.9255570581377804, accuracy: 0.939844354194449
2024-06-05 00:57:08 - train: epoch 66, iter:0, loss: 0.3208, lr: 0.00021404630011522558
2024-06-05 01:42:06 - train: epoch 66, iter:5000, loss: 0.2944, lr: 0.00021404630011522558
2024-06-05 02:00:51 - val epoch: 66,  miou: 0.8681724767762503, f1_or_dsc: 0.9294350361850778, accuracy: 0.942954195292372
2024-06-05 02:00:52 - train: epoch 67, iter:0, loss: 0.3467, lr: 0.00023976573648539664
2024-06-05 02:45:56 - train: epoch 67, iter:5000, loss: 0.3014, lr: 0.00023976573648539664
2024-06-05 03:04:45 - val epoch: 67,  miou: 0.8800690749551142, f1_or_dsc: 0.9362092985611451, accuracy: 0.9492448614768171
2024-06-05 03:04:46 - train: epoch 68, iter:0, loss: 0.3015, lr: 0.00026653193131965077
2024-06-05 03:50:16 - train: epoch 68, iter:5000, loss: 0.3109, lr: 0.00026653193131965077
2024-06-05 04:09:11 - val epoch: 68,  miou: 0.8776570518553011, f1_or_dsc: 0.9348427616087759, accuracy: 0.9480603240849413
2024-06-05 04:09:11 - train: epoch 69, iter:0, loss: 0.3237, lr: 0.000294239250675289
2024-06-05 04:54:07 - train: epoch 69, iter:5000, loss: 0.3113, lr: 0.000294239250675289
2024-06-05 05:13:09 - val epoch: 69,  miou: 0.8764026157006874, f1_or_dsc: 0.9341306693642831, accuracy: 0.9466682777928029
2024-06-05 05:13:10 - train: epoch 70, iter:0, loss: 0.3683, lr: 0.0003227783464210842
2024-06-05 05:58:18 - train: epoch 70, iter:5000, loss: 0.3232, lr: 0.0003227783464210842
2024-06-05 06:16:54 - val epoch: 70,  miou: 0.8809767639758828, f1_or_dsc: 0.9367226441582756, accuracy: 0.9496488443124501
2024-06-05 06:16:55 - train: epoch 71, iter:0, loss: 0.3756, lr: 0.00035203658778440065
2024-06-05 07:01:25 - train: epoch 71, iter:5000, loss: 0.3223, lr: 0.00035203658778440065
2024-06-05 07:19:53 - val epoch: 71,  miou: 0.8747447877589346, f1_or_dsc: 0.9331881261604705, accuracy: 0.9455623131426786
2024-06-05 07:19:54 - train: epoch 72, iter:0, loss: 0.3722, lr: 0.00038189850585339675
2024-06-05 08:04:37 - train: epoch 72, iter:5000, loss: 0.3283, lr: 0.00038189850585339675
2024-06-05 08:23:15 - val epoch: 72,  miou: 0.8218502619137209, f1_or_dsc: 0.9022149394982957, accuracy: 0.9209891481715836
2024-06-05 08:23:16 - train: epoch 73, iter:0, loss: 0.3974, lr: 0.000412246249280066
2024-06-05 09:08:02 - train: epoch 73, iter:5000, loss: 0.3410, lr: 0.000412246249280066
2024-06-05 09:26:42 - val epoch: 73,  miou: 0.8827820686845806, f1_or_dsc: 0.9377421671551639, accuracy: 0.9500370038092953
2024-06-05 09:26:42 - train: epoch 74, iter:0, loss: 0.3472, lr: 0.00044296004938566884
2024-06-05 10:11:45 - train: epoch 74, iter:5000, loss: 0.3488, lr: 0.00044296004938566884
2024-06-05 10:30:18 - val epoch: 74,  miou: 0.8853636325810974, f1_or_dsc: 0.939196680450464, accuracy: 0.9511808298350297
2024-06-05 10:30:19 - train: epoch 75, iter:0, loss: 0.3552, lr: 0.0004739186928329896
2024-06-05 11:14:47 - train: epoch 75, iter:5000, loss: 0.3526, lr: 0.0004739186928329896
2024-06-05 11:33:22 - val epoch: 75,  miou: 0.8860187934667451, f1_or_dsc: 0.9395651798762075, accuracy: 0.9517079133030223
2024-06-05 11:33:23 - train: epoch 76, iter:0, loss: 0.3170, lr: 0.0005049999999999995
2024-06-05 12:17:34 - train: epoch 76, iter:5000, loss: 0.3688, lr: 0.0005049999999999995
2024-06-05 12:36:16 - val epoch: 76,  miou: 0.8859178819515308, f1_or_dsc: 0.9395084382303973, accuracy: 0.9514686558448885
2024-06-05 12:36:16 - train: epoch 77, iter:0, loss: 0.3559, lr: 0.0005360813071670094
2024-06-05 13:20:42 - train: epoch 77, iter:5000, loss: 0.4119, lr: 0.0005360813071670094
2024-06-05 13:39:18 - val epoch: 77,  miou: 0.8263655575798659, f1_or_dsc: 0.9049289767322273, accuracy: 0.9187327255314359
2024-06-05 13:39:19 - train: epoch 78, iter:0, loss: 0.4473, lr: 0.0005670399506143302
2024-06-05 14:23:39 - train: epoch 78, iter:5000, loss: 0.3704, lr: 0.0005670399506143302
2024-06-05 14:42:15 - val epoch: 78,  miou: 0.8569918507202109, f1_or_dsc: 0.9229893501017115, accuracy: 0.9384022997377123
2024-06-05 14:42:16 - train: epoch 79, iter:0, loss: 0.3282, lr: 0.0005977537507199331
2024-06-05 15:26:19 - train: epoch 79, iter:5000, loss: 0.3918, lr: 0.0005977537507199331
2024-06-05 15:44:55 - val epoch: 79,  miou: 0.8860678257023527, f1_or_dsc: 0.939592748073511, accuracy: 0.9523834248448726
2024-06-05 15:44:56 - train: epoch 80, iter:0, loss: 0.3893, lr: 0.0006281014941466026
2024-06-05 16:28:56 - train: epoch 80, iter:5000, loss: 0.3765, lr: 0.0006281014941466026
2024-06-05 16:47:32 - val epoch: 80,  miou: 0.8745330153109824, f1_or_dsc: 0.9330676047505075, accuracy: 0.9481518365101559
