2024-06-01 10:51:35 - #----------Config info----------#
2024-06-01 10:51:35 - model_config: {'num_classes': 2, 'input_channels': 4, 'c_list': [8, 16, 24, 32, 48, 64], 'split_att': 'fc', 'bridge': True},
2024-06-01 10:51:35 - test_weights: ,
2024-06-01 10:51:35 - datasets: ISIC2017,
2024-06-01 10:51:35 - data_path: ,
2024-06-01 10:51:35 - criterion: BceDiceLoss(
  (bce): BCELoss(
    (bceloss): BCELoss()
  )
  (dice): DiceLoss()
),
2024-06-01 10:51:35 - num_classes: 1,
2024-06-01 10:51:35 - input_size_h: 384,
2024-06-01 10:51:35 - input_size_w: 384,
2024-06-01 10:51:35 - input_channels: 4,
2024-06-01 10:51:35 - distributed: False,
2024-06-01 10:51:35 - local_rank: -1,
2024-06-01 10:51:35 - num_workers: 0,
2024-06-01 10:51:35 - seed: 42,
2024-06-01 10:51:35 - world_size: None,
2024-06-01 10:51:35 - rank: None,
2024-06-01 10:51:35 - amp: False,
2024-06-01 10:51:35 - batch_size: 4,
2024-06-01 10:51:35 - epochs: 80,
2024-06-01 10:51:35 - work_dir: ./results/,
2024-06-01 10:51:35 - print_interval: 5000,
2024-06-01 10:51:35 - val_interval: 1,
2024-06-01 10:51:35 - save_interval: 1,
2024-06-01 10:51:35 - threshold: 0.5,
2024-06-01 10:51:35 - opt: AdamW,
2024-06-01 10:51:35 - lr: 0.001,
2024-06-01 10:51:35 - betas: (0.9, 0.999),
2024-06-01 10:51:35 - eps: 1e-08,
2024-06-01 10:51:35 - weight_decay: 0.01,
2024-06-01 10:51:35 - amsgrad: False,
2024-06-01 10:51:35 - sch: CosineAnnealingLR,
2024-06-01 10:51:35 - T_max: 50,
2024-06-01 10:51:35 - eta_min: 1e-05,
2024-06-01 10:51:35 - last_epoch: -1,
2024-06-01 10:51:36 - train: epoch 1, iter:0, loss: 0.6136, lr: 0.001
2024-06-01 11:58:29 - train: epoch 1, iter:5000, loss: 0.7775, lr: 0.001
2024-06-01 12:21:29 - val epoch: 1,  miou: 0.7250723308984793, f1_or_dsc: 0.8406283237072566, accuracy: 0.8918380774823768
2024-06-01 12:21:30 - train: epoch 2, iter:0, loss: 0.3893, lr: 0.0009990232305719944
2024-06-01 13:26:55 - train: epoch 2, iter:5000, loss: 0.6490, lr: 0.0009990232305719944
2024-06-01 13:49:25 - val epoch: 2,  miou: 0.7263114874232103, f1_or_dsc: 0.841460527505779, accuracy: 0.889540724194444
2024-06-01 13:49:26 - train: epoch 3, iter:0, loss: 0.2239, lr: 0.0009960967771506664
2024-06-01 14:53:51 - train: epoch 3, iter:5000, loss: 0.6076, lr: 0.0009960967771506664
2024-06-01 15:16:04 - val epoch: 3,  miou: 0.6082974067388434, f1_or_dsc: 0.7564489057683585, accuracy: 0.8141170670434493
2024-06-01 15:16:05 - train: epoch 4, iter:0, loss: 0.1698, lr: 0.0009912321891107007
2024-06-01 16:19:36 - train: epoch 4, iter:5000, loss: 0.6685, lr: 0.0009912321891107007
2024-06-01 16:42:32 - val epoch: 4,  miou: 0.7120239929975699, f1_or_dsc: 0.8317920729030116, accuracy: 0.8786422119034689
2024-06-01 16:42:33 - train: epoch 5, iter:0, loss: 0.1669, lr: 0.0009844486647586721
2024-06-01 17:47:07 - train: epoch 5, iter:5000, loss: 0.6005, lr: 0.0009844486647586721
2024-06-01 18:10:08 - val epoch: 5,  miou: 0.706365582048409, f1_or_dsc: 0.827918225120846, accuracy: 0.8769128074382259
2024-06-01 18:10:09 - train: epoch 6, iter:0, loss: 0.1731, lr: 0.0009757729755661009
2024-06-01 19:14:27 - train: epoch 6, iter:5000, loss: 0.6094, lr: 0.0009757729755661009
2024-06-01 19:36:38 - val epoch: 6,  miou: 0.7307969203847107, f1_or_dsc: 0.8444629312401061, accuracy: 0.8938832372265771
2024-06-01 19:36:39 - train: epoch 7, iter:0, loss: 0.1316, lr: 0.0009652393605146842
2024-06-01 20:40:28 - train: epoch 7, iter:5000, loss: 0.5417, lr: 0.0009652393605146842
2024-06-01 21:03:17 - val epoch: 7,  miou: 0.7289230549583874, f1_or_dsc: 0.8432105209863506, accuracy: 0.8918939032247439
2024-06-01 21:03:18 - train: epoch 8, iter:0, loss: 0.1887, lr: 0.0009528893909706795
2024-06-01 22:10:20 - train: epoch 8, iter:5000, loss: 0.6562, lr: 0.0009528893909706795
2024-06-01 22:33:36 - val epoch: 8,  miou: 0.6380775105033292, f1_or_dsc: 0.7790565542985426, accuracy: 0.8347846331369191
2024-06-01 22:33:37 - train: epoch 9, iter:0, loss: 0.3690, lr: 0.0009387718066217122
2024-06-01 23:41:07 - train: epoch 9, iter:5000, loss: 0.6343, lr: 0.0009387718066217122
2024-06-02 00:03:34 - val epoch: 9,  miou: 0.7111116021536369, f1_or_dsc: 0.8311691665916106, accuracy: 0.8808687812540115
2024-06-02 00:03:35 - train: epoch 10, iter:0, loss: 0.1979, lr: 0.0009229423231234972
2024-06-02 01:10:39 - train: epoch 10, iter:5000, loss: 0.5183, lr: 0.0009229423231234972
2024-06-02 01:33:39 - val epoch: 10,  miou: 0.7607131417249181, f1_or_dsc: 0.8640966250523583, accuracy: 0.9084950772919175
2024-06-02 01:33:40 - train: epoch 11, iter:0, loss: 0.0513, lr: 0.0009054634122155987
2024-06-02 02:36:15 - train: epoch 11, iter:5000, loss: 0.4851, lr: 0.0009054634122155987
2024-06-02 02:57:46 - val epoch: 11,  miou: 0.7512400965810165, f1_or_dsc: 0.8579521426532875, accuracy: 0.9041436850384941
2024-06-02 02:57:47 - train: epoch 12, iter:0, loss: 0.1160, lr: 0.0008864040551740153
2024-06-02 03:59:49 - train: epoch 12, iter:5000, loss: 0.5123, lr: 0.0008864040551740153
2024-06-02 04:21:50 - val epoch: 12,  miou: 0.7700129134750685, f1_or_dsc: 0.8700647408987556, accuracy: 0.9121213608010993
2024-06-02 04:21:51 - train: epoch 13, iter:0, loss: 0.0705, lr: 0.0008658394705735984
2024-06-02 05:25:20 - train: epoch 13, iter:5000, loss: 0.4911, lr: 0.0008658394705735984
2024-06-02 05:47:37 - val epoch: 13,  miou: 0.7702388770058256, f1_or_dsc: 0.8702089723716884, accuracy: 0.9151084842740922
2024-06-02 05:47:38 - train: epoch 14, iter:0, loss: 0.0561, lr: 0.0008438508174347006
2024-06-02 06:51:09 - train: epoch 14, iter:5000, loss: 0.4542, lr: 0.0008438508174347006
2024-06-02 07:12:32 - val epoch: 14,  miou: 0.7764963978993026, f1_or_dsc: 0.874188541915993, accuracy: 0.9160564545868634
2024-06-02 07:12:33 - train: epoch 15, iter:0, loss: 0.0380, lr: 0.000820524874925601
2024-06-02 08:15:07 - train: epoch 15, iter:5000, loss: 0.5074, lr: 0.000820524874925601
2024-06-02 08:37:35 - val epoch: 15,  miou: 0.7663464184619452, f1_or_dsc: 0.8677192768667032, accuracy: 0.9120304039579921
2024-06-02 08:37:36 - train: epoch 16, iter:0, loss: 0.0581, lr: 0.000795953699884774
2024-06-02 09:42:44 - train: epoch 16, iter:5000, loss: 0.4303, lr: 0.000795953699884774
2024-06-02 10:04:49 - val epoch: 16,  miou: 0.774083215706396, f1_or_dsc: 0.8726571660824549, accuracy: 0.9142130671571259
2024-06-02 10:04:50 - train: epoch 17, iter:0, loss: 0.0359, lr: 0.000770234263514603
2024-06-02 11:11:51 - train: epoch 17, iter:5000, loss: 0.3951, lr: 0.000770234263514603
2024-06-02 11:34:16 - val epoch: 17,  miou: 0.7694098493793432, f1_or_dsc: 0.8696796275314388, accuracy: 0.9132003247877547
2024-06-02 11:34:17 - train: epoch 18, iter:0, loss: 0.0342, lr: 0.0007434680686803488
2024-06-02 12:40:53 - train: epoch 18, iter:5000, loss: 0.4025, lr: 0.0007434680686803488
2024-06-02 13:04:02 - val epoch: 18,  miou: 0.781689523054552, f1_or_dsc: 0.8774699665005754, accuracy: 0.9199848849840514
2024-06-02 13:04:03 - train: epoch 19, iter:0, loss: 0.1174, lr: 0.0007157607493247108
2024-06-02 14:00:59 - train: epoch 19, iter:5000, loss: 0.4214, lr: 0.0007157607493247108
2024-06-02 14:22:02 - val epoch: 19,  miou: 0.7970400514895138, f1_or_dsc: 0.8870587506704379, accuracy: 0.9260257666986
2024-06-02 14:22:03 - train: epoch 20, iter:0, loss: 0.0572, lr: 0.0006872216535789154
2024-06-02 15:15:02 - train: epoch 20, iter:5000, loss: 0.3746, lr: 0.0006872216535789154
2024-06-02 15:35:44 - val epoch: 20,  miou: 0.7835779262092493, f1_or_dsc: 0.8786584703642715, accuracy: 0.9207149471296311
2024-06-02 15:35:45 - train: epoch 21, iter:0, loss: 0.0272, lr: 0.0006579634122155987
2024-06-02 16:27:54 - train: epoch 21, iter:5000, loss: 0.3537, lr: 0.0006579634122155987
2024-06-02 16:48:11 - val epoch: 21,  miou: 0.7883594069539638, f1_or_dsc: 0.881656566223165, accuracy: 0.921365278140786
2024-06-02 16:48:12 - train: epoch 22, iter:0, loss: 0.0257, lr: 0.0006281014941466028
2024-06-02 17:40:04 - train: epoch 22, iter:5000, loss: 0.3508, lr: 0.0006281014941466028
2024-06-02 18:00:29 - val epoch: 22,  miou: 0.6952677858128319, f1_or_dsc: 0.8202453814451162, accuracy: 0.8717495614452142
2024-06-02 18:00:29 - train: epoch 23, iter:0, loss: 0.0319, lr: 0.0005977537507199335
2024-06-02 18:52:33 - train: epoch 23, iter:5000, loss: 0.3502, lr: 0.0005977537507199335
2024-06-02 19:13:01 - val epoch: 23,  miou: 0.7877136209156689, f1_or_dsc: 0.8812525806143392, accuracy: 0.9205963859545967
2024-06-02 19:13:02 - train: epoch 24, iter:0, loss: 0.0372, lr: 0.0005670399506143305
2024-06-02 20:05:06 - train: epoch 24, iter:5000, loss: 0.3453, lr: 0.0005670399506143305
2024-06-02 20:25:33 - val epoch: 24,  miou: 0.7619231549317668, f1_or_dsc: 0.8648767147410279, accuracy: 0.9061500474057547
2024-06-02 20:25:34 - train: epoch 25, iter:0, loss: 0.0235, lr: 0.0005360813071670099
2024-06-02 21:21:47 - train: epoch 25, iter:5000, loss: 0.3324, lr: 0.0005360813071670099
2024-06-02 21:42:07 - val epoch: 25,  miou: 0.785637027378414, f1_or_dsc: 0.8799515414751993, accuracy: 0.9189450697294835
2024-06-02 21:42:08 - train: epoch 26, iter:0, loss: 0.0241, lr: 0.0005049999999999998
2024-06-02 22:35:54 - train: epoch 26, iter:5000, loss: 0.3261, lr: 0.0005049999999999998
2024-06-02 22:56:24 - val epoch: 26,  miou: 0.7998733513679072, f1_or_dsc: 0.8888107052198999, accuracy: 0.9251510071455821
2024-06-02 22:56:25 - train: epoch 27, iter:0, loss: 0.0401, lr: 0.0004739186928329897
2024-06-03 00:03:31 - train: epoch 27, iter:5000, loss: 0.3310, lr: 0.0004739186928329897
2024-06-03 00:26:36 - val epoch: 27,  miou: 0.803165257654241, f1_or_dsc: 0.8908393218479467, accuracy: 0.9272372569031999
2024-06-03 00:26:37 - train: epoch 28, iter:0, loss: 0.0437, lr: 0.0004429600493856692
2024-06-03 01:33:50 - train: epoch 28, iter:5000, loss: 0.3149, lr: 0.0004429600493856692
2024-06-03 01:57:02 - val epoch: 28,  miou: 0.7874485952359759, f1_or_dsc: 0.8810867035110661, accuracy: 0.9202308574229485
2024-06-03 01:57:03 - train: epoch 29, iter:0, loss: 0.0217, lr: 0.0004122462492800661
2024-06-03 03:04:05 - train: epoch 29, iter:5000, loss: 0.3065, lr: 0.0004122462492800661
2024-06-03 03:27:29 - val epoch: 29,  miou: 0.8077207085461862, f1_or_dsc: 0.8936344035089084, accuracy: 0.9293645878462166
2024-06-03 03:27:30 - train: epoch 30, iter:0, loss: 0.0384, lr: 0.0003818985058533967
2024-06-03 04:35:19 - train: epoch 30, iter:5000, loss: 0.3042, lr: 0.0003818985058533967
2024-06-03 04:58:02 - val epoch: 30,  miou: 0.7984921062150839, f1_or_dsc: 0.8879573098549828, accuracy: 0.9236825483218911
2024-06-03 04:58:03 - train: epoch 31, iter:0, loss: 0.0308, lr: 0.00035203658778440103
2024-06-03 06:05:46 - train: epoch 31, iter:5000, loss: 0.3012, lr: 0.00035203658778440103
2024-06-03 06:27:47 - val epoch: 31,  miou: 0.82795280756152, f1_or_dsc: 0.905879850001166, accuracy: 0.9405911166514345
2024-06-03 06:27:48 - train: epoch 32, iter:0, loss: 0.0239, lr: 0.00032277834642108444
2024-06-03 07:32:49 - train: epoch 32, iter:5000, loss: 0.2924, lr: 0.00032277834642108444
2024-06-03 07:54:44 - val epoch: 32,  miou: 0.7970735751969857, f1_or_dsc: 0.8870795121558834, accuracy: 0.9245017513871148
2024-06-03 07:54:45 - train: epoch 33, iter:0, loss: 0.0230, lr: 0.0002942392506752889
2024-06-03 08:59:47 - train: epoch 33, iter:5000, loss: 0.2830, lr: 0.0002942392506752889
2024-06-03 09:21:07 - val epoch: 33,  miou: 0.8147880160526356, f1_or_dsc: 0.8979429099657485, accuracy: 0.9325411544226425
2024-06-03 09:21:08 - train: epoch 34, iter:0, loss: 0.0243, lr: 0.00026653193131965077
2024-06-03 10:27:11 - train: epoch 34, iter:5000, loss: 0.2807, lr: 0.00026653193131965077
2024-06-03 10:47:33 - val epoch: 34,  miou: 0.7823563354322373, f1_or_dsc: 0.8778899256893082, accuracy: 0.9175146420107023
2024-06-03 10:47:34 - train: epoch 35, iter:0, loss: 0.0156, lr: 0.00023976573648539642
2024-06-03 11:56:37 - train: epoch 35, iter:5000, loss: 0.2770, lr: 0.00023976573648539642
2024-06-03 12:18:00 - val epoch: 35,  miou: 0.810367523090798, f1_or_dsc: 0.8952519449832778, accuracy: 0.930837657544117
2024-06-03 12:18:02 - train: epoch 36, iter:0, loss: 0.0464, lr: 0.00021404630011522574
2024-06-03 13:26:17 - train: epoch 36, iter:5000, loss: 0.2668, lr: 0.00021404630011522574
2024-06-03 13:47:40 - val epoch: 36,  miou: 0.8193051412392699, f1_or_dsc: 0.9006791908268643, accuracy: 0.9349159259040796
2024-06-03 13:47:41 - train: epoch 37, iter:0, loss: 0.0801, lr: 0.00018947512507439847
2024-06-03 14:55:04 - train: epoch 37, iter:5000, loss: 0.2641, lr: 0.00018947512507439847
2024-06-03 15:17:07 - val epoch: 37,  miou: 0.8075219973961367, f1_or_dsc: 0.8935127744607582, accuracy: 0.9290476513783461
2024-06-03 15:17:07 - train: epoch 38, iter:0, loss: 0.0138, lr: 0.000166149182565299
2024-06-03 16:24:12 - train: epoch 38, iter:5000, loss: 0.2611, lr: 0.000166149182565299
2024-06-03 16:45:44 - val epoch: 38,  miou: 0.806016682785003, f1_or_dsc: 0.8925905175383756, accuracy: 0.9281358847705969
2024-06-03 16:45:45 - train: epoch 39, iter:0, loss: 0.0203, lr: 0.00014416052942640132
2024-06-03 17:48:50 - train: epoch 39, iter:5000, loss: 0.2554, lr: 0.00014416052942640132
2024-06-03 18:09:24 - val epoch: 39,  miou: 0.8148995882421388, f1_or_dsc: 0.8980106596766908, accuracy: 0.9327781673052785
2024-06-03 18:09:25 - train: epoch 40, iter:0, loss: 0.0316, lr: 0.00012359594482598432
2024-06-03 19:11:56 - train: epoch 40, iter:5000, loss: 0.2506, lr: 0.00012359594482598432
2024-06-03 19:32:48 - val epoch: 40,  miou: 0.809141318884598, f1_or_dsc: 0.8945031661578138, accuracy: 0.9300388074761935
2024-06-03 19:32:49 - train: epoch 41, iter:0, loss: 0.0237, lr: 0.00010453658778440102
2024-06-03 20:35:02 - train: epoch 41, iter:5000, loss: 0.2477, lr: 0.00010453658778440102
2024-06-03 20:56:12 - val epoch: 41,  miou: 0.811503004418376, f1_or_dsc: 0.8959444201186156, accuracy: 0.9303098973941271
2024-06-03 20:56:13 - train: epoch 42, iter:0, loss: 0.0106, lr: 8.70576768765026e-05
2024-06-03 21:57:58 - train: epoch 42, iter:5000, loss: 0.2437, lr: 8.70576768765026e-05
2024-06-03 22:18:53 - val epoch: 42,  miou: 0.8185958210871652, f1_or_dsc: 0.900250414737899, accuracy: 0.9338015483200831
2024-06-03 22:18:54 - train: epoch 43, iter:0, loss: 0.0237, lr: 7.12281933782875e-05
2024-06-03 23:20:41 - train: epoch 43, iter:5000, loss: 0.2421, lr: 7.12281933782875e-05
2024-06-03 23:41:35 - val epoch: 43,  miou: 0.8198920977407973, f1_or_dsc: 0.9010337467354315, accuracy: 0.9338475334699148
2024-06-03 23:41:36 - train: epoch 44, iter:0, loss: 0.0113, lr: 5.71106090293204e-05
2024-06-04 00:43:21 - train: epoch 44, iter:5000, loss: 0.2380, lr: 5.71106090293204e-05
2024-06-04 01:04:05 - val epoch: 44,  miou: 0.8250656875898943, f1_or_dsc: 0.9041490322240858, accuracy: 0.9368185396290187
2024-06-04 01:04:06 - train: epoch 45, iter:0, loss: 0.0216, lr: 4.4760639485315563e-05
2024-06-04 02:05:46 - train: epoch 45, iter:5000, loss: 0.2350, lr: 4.4760639485315563e-05
2024-06-04 02:26:59 - val epoch: 45,  miou: 0.8228505348775949, f1_or_dsc: 0.9028173392535989, accuracy: 0.9351920071838321
2024-06-04 02:26:59 - train: epoch 46, iter:0, loss: 0.0163, lr: 3.422702443389899e-05
2024-06-04 03:26:45 - train: epoch 46, iter:5000, loss: 0.2331, lr: 3.422702443389899e-05
2024-06-04 03:46:47 - val epoch: 46,  miou: 0.825264297559641, f1_or_dsc: 0.9042682735459304, accuracy: 0.9368138237013858
2024-06-04 03:46:47 - train: epoch 47, iter:0, loss: 0.0179, lr: 2.5551335241327665e-05
2024-06-04 04:47:25 - train: epoch 47, iter:5000, loss: 0.2320, lr: 2.5551335241327665e-05
2024-06-04 05:08:17 - val epoch: 47,  miou: 0.8283531049246976, f1_or_dsc: 0.9061193953110213, accuracy: 0.9381866574256379
2024-06-04 05:08:18 - train: epoch 48, iter:0, loss: 0.0186, lr: 1.876781088929908e-05
2024-06-04 06:09:44 - train: epoch 48, iter:5000, loss: 0.2302, lr: 1.876781088929908e-05
2024-06-04 06:30:36 - val epoch: 48,  miou: 0.8247210340269445, f1_or_dsc: 0.9039420477407248, accuracy: 0.9366370073132155
2024-06-04 06:30:37 - train: epoch 49, iter:0, loss: 0.0204, lr: 1.3903222849333505e-05
2024-06-04 07:33:05 - train: epoch 49, iter:5000, loss: 0.2293, lr: 1.3903222849333505e-05
2024-06-04 07:53:37 - val epoch: 49,  miou: 0.8239279482345581, f1_or_dsc: 0.9034654565516866, accuracy: 0.9363185700821522
2024-06-04 07:53:37 - train: epoch 50, iter:0, loss: 0.0299, lr: 1.0976769428005579e-05
2024-06-04 08:38:33 - train: epoch 50, iter:5000, loss: 0.2283, lr: 1.0976769428005579e-05
2024-06-04 08:57:05 - val epoch: 50,  miou: 0.8255094195327042, f1_or_dsc: 0.9044154039413491, accuracy: 0.9370097915935001
2024-06-04 08:57:06 - train: epoch 51, iter:0, loss: 0.0296, lr: 1e-05
2024-06-04 09:42:05 - train: epoch 51, iter:5000, loss: 0.2274, lr: 1e-05
2024-06-04 10:00:37 - val epoch: 51,  miou: 0.8247780203892423, f1_or_dsc: 0.9039762767564565, accuracy: 0.9366909279691297
2024-06-04 10:00:37 - train: epoch 52, iter:0, loss: 0.0309, lr: 1.0976769428005579e-05
2024-06-04 10:45:37 - train: epoch 52, iter:5000, loss: 0.2270, lr: 1.0976769428005579e-05
2024-06-04 11:04:07 - val epoch: 52,  miou: 0.8224843011398963, f1_or_dsc: 0.9025968570763138, accuracy: 0.9356296977066022
2024-06-04 11:04:08 - train: epoch 53, iter:0, loss: 0.0266, lr: 1.3903222849333451e-05
2024-06-04 11:49:10 - train: epoch 53, iter:5000, loss: 0.2269, lr: 1.3903222849333451e-05
2024-06-04 12:07:38 - val epoch: 53,  miou: 0.8215979528555601, f1_or_dsc: 0.9020628855753957, accuracy: 0.9353068146852807
2024-06-04 12:07:38 - train: epoch 54, iter:0, loss: 0.0364, lr: 1.8767810889299133e-05
2024-06-04 12:52:38 - train: epoch 54, iter:5000, loss: 0.2274, lr: 1.8767810889299133e-05
2024-06-04 13:11:17 - val epoch: 54,  miou: 0.8232106801652636, f1_or_dsc: 0.9030340696453624, accuracy: 0.9359797904474113
2024-06-04 13:11:18 - train: epoch 55, iter:0, loss: 0.0285, lr: 2.555133524132755e-05
2024-06-04 13:56:38 - train: epoch 55, iter:5000, loss: 0.2280, lr: 2.555133524132755e-05
2024-06-04 14:15:21 - val epoch: 55,  miou: 0.8220765097334936, f1_or_dsc: 0.9023512518184373, accuracy: 0.9352212623552714
2024-06-04 14:15:22 - train: epoch 56, iter:0, loss: 0.0195, lr: 3.422702443389893e-05
2024-06-04 15:00:38 - train: epoch 56, iter:5000, loss: 0.2286, lr: 3.422702443389893e-05
2024-06-04 15:19:27 - val epoch: 56,  miou: 0.8190737452448934, f1_or_dsc: 0.9005393512890543, accuracy: 0.9337419071079986
2024-06-04 15:19:28 - train: epoch 57, iter:0, loss: 0.0198, lr: 4.47606394853155e-05
2024-06-04 16:04:50 - train: epoch 57, iter:5000, loss: 0.2299, lr: 4.47606394853155e-05
2024-06-04 16:23:37 - val epoch: 57,  miou: 0.8194418661641205, f1_or_dsc: 0.9007618010810396, accuracy: 0.933760934136878
2024-06-04 16:23:37 - train: epoch 58, iter:0, loss: 0.0171, lr: 5.711060902932022e-05
2024-06-04 17:08:46 - train: epoch 58, iter:5000, loss: 0.2313, lr: 5.711060902932022e-05
2024-06-04 17:27:37 - val epoch: 58,  miou: 0.8241782534390268, f1_or_dsc: 0.9036159178909705, accuracy: 0.9360763354264071
2024-06-04 17:27:37 - train: epoch 59, iter:0, loss: 0.0208, lr: 7.122819337828753e-05
2024-06-04 18:13:03 - train: epoch 59, iter:5000, loss: 0.2309, lr: 7.122819337828753e-05
2024-06-04 18:31:51 - val epoch: 59,  miou: 0.8177808145754255, f1_or_dsc: 0.8997573392988335, accuracy: 0.9334005823554431
2024-06-04 18:31:51 - train: epoch 60, iter:0, loss: 0.0503, lr: 8.705767687650243e-05
2024-06-04 19:17:41 - train: epoch 60, iter:5000, loss: 0.2348, lr: 8.705767687650243e-05
2024-06-04 19:36:21 - val epoch: 60,  miou: 0.819672996020297, f1_or_dsc: 0.9009014232919398, accuracy: 0.9341136938221609
2024-06-04 19:36:22 - train: epoch 61, iter:0, loss: 0.0098, lr: 0.00010453658778440077
2024-06-04 20:22:13 - train: epoch 61, iter:5000, loss: 0.2380, lr: 0.00010453658778440077
2024-06-04 20:40:57 - val epoch: 61,  miou: 0.8179195898602234, f1_or_dsc: 0.8998413289810159, accuracy: 0.9334017529507335
2024-06-04 20:40:57 - train: epoch 62, iter:0, loss: 0.0159, lr: 0.00012359594482598424
2024-06-04 21:26:24 - train: epoch 62, iter:5000, loss: 0.2440, lr: 0.00012359594482598424
2024-06-04 21:45:05 - val epoch: 62,  miou: 0.8191959038296128, f1_or_dsc: 0.9006131798176469, accuracy: 0.9342285940178068
2024-06-04 21:45:06 - train: epoch 63, iter:0, loss: 0.0198, lr: 0.00014416052942640108
2024-06-04 22:30:14 - train: epoch 63, iter:5000, loss: 0.2449, lr: 0.00014416052942640108
2024-06-04 22:48:57 - val epoch: 63,  miou: 0.8146890083528846, f1_or_dsc: 0.8978827827830873, accuracy: 0.9325288393364426
2024-06-04 22:48:58 - train: epoch 64, iter:0, loss: 0.0136, lr: 0.00016614918256529902
2024-06-04 23:33:57 - train: epoch 64, iter:5000, loss: 0.2518, lr: 0.00016614918256529902
2024-06-04 23:52:46 - val epoch: 64,  miou: 0.8067532421068738, f1_or_dsc: 0.8930419753016305, accuracy: 0.9275778745314511
2024-06-04 23:52:47 - train: epoch 65, iter:0, loss: 0.0090, lr: 0.00018947512507439852
2024-06-05 00:38:02 - train: epoch 65, iter:5000, loss: 0.2513, lr: 0.00018947512507439852
2024-06-05 00:56:48 - val epoch: 65,  miou: 0.8068744215054917, f1_or_dsc: 0.8931162142781369, accuracy: 0.9289866912602558
2024-06-05 00:56:49 - train: epoch 66, iter:0, loss: 0.0180, lr: 0.00021404630011522558
2024-06-05 01:41:52 - train: epoch 66, iter:5000, loss: 0.2638, lr: 0.00021404630011522558
2024-06-05 02:00:49 - val epoch: 66,  miou: 0.8160013217152718, f1_or_dsc: 0.898679215656663, accuracy: 0.9332661360434136
2024-06-05 02:00:50 - train: epoch 67, iter:0, loss: 0.0207, lr: 0.00023976573648539664
2024-06-05 02:45:56 - train: epoch 67, iter:5000, loss: 0.2611, lr: 0.00023976573648539664
2024-06-05 03:04:40 - val epoch: 67,  miou: 0.8007319275308679, f1_or_dsc: 0.8893405123646777, accuracy: 0.9256708503283289
2024-06-05 03:04:41 - train: epoch 68, iter:0, loss: 0.0248, lr: 0.00026653193131965077
2024-06-05 03:50:03 - train: epoch 68, iter:5000, loss: 0.2598, lr: 0.00026653193131965077
2024-06-05 04:08:49 - val epoch: 68,  miou: 0.7991524719553912, f1_or_dsc: 0.8883654769813257, accuracy: 0.9264136230553499
2024-06-05 04:08:49 - train: epoch 69, iter:0, loss: 0.3476, lr: 0.000294239250675289
2024-06-05 04:53:52 - train: epoch 69, iter:5000, loss: 0.2720, lr: 0.000294239250675289
2024-06-05 05:12:43 - val epoch: 69,  miou: 0.806913147891737, f1_or_dsc: 0.8931399373934756, accuracy: 0.9290789987902366
2024-06-05 05:12:44 - train: epoch 70, iter:0, loss: 0.0104, lr: 0.0003227783464210842
2024-06-05 05:57:59 - train: epoch 70, iter:5000, loss: 0.2970, lr: 0.0003227783464210842
2024-06-05 06:16:52 - val epoch: 70,  miou: 0.7892926362904645, f1_or_dsc: 0.8822398530928005, accuracy: 0.9232556412240623
2024-06-05 06:16:52 - train: epoch 71, iter:0, loss: 0.0124, lr: 0.00035203658778440065
2024-06-05 07:01:49 - train: epoch 71, iter:5000, loss: 0.2734, lr: 0.00035203658778440065
2024-06-05 07:20:44 - val epoch: 71,  miou: 0.7907765330055099, f1_or_dsc: 0.883166066151568, accuracy: 0.9217171267745307
2024-06-05 07:20:45 - train: epoch 72, iter:0, loss: 0.0446, lr: 0.00038189850585339675
2024-06-05 08:05:55 - train: epoch 72, iter:5000, loss: 0.2792, lr: 0.00038189850585339675
2024-06-05 08:24:56 - val epoch: 72,  miou: 0.8052813642831332, f1_or_dsc: 0.8921394528469038, accuracy: 0.9294532361624125
2024-06-05 08:24:57 - train: epoch 73, iter:0, loss: 0.0111, lr: 0.000412246249280066
2024-06-05 09:09:53 - train: epoch 73, iter:5000, loss: 0.2916, lr: 0.000412246249280066
2024-06-05 09:28:48 - val epoch: 73,  miou: 0.8097809835414213, f1_or_dsc: 0.894893902528275, accuracy: 0.9294369025620633
2024-06-05 09:28:49 - train: epoch 74, iter:0, loss: 0.0351, lr: 0.00044296004938566884
2024-06-05 10:14:15 - train: epoch 74, iter:5000, loss: 0.3052, lr: 0.00044296004938566884
2024-06-05 10:33:00 - val epoch: 74,  miou: 0.785022922115006, f1_or_dsc: 0.8795662088023632, accuracy: 0.917610014628804
2024-06-05 10:33:01 - train: epoch 75, iter:0, loss: 0.0207, lr: 0.0004739186928329896
2024-06-05 11:17:57 - train: epoch 75, iter:5000, loss: 0.3028, lr: 0.0004739186928329896
2024-06-05 11:36:39 - val epoch: 75,  miou: 0.7986554074279129, f1_or_dsc: 0.8880582730073845, accuracy: 0.9248799922658081
2024-06-05 11:36:40 - train: epoch 76, iter:0, loss: 0.0238, lr: 0.0005049999999999995
2024-06-05 12:21:43 - train: epoch 76, iter:5000, loss: 0.3504, lr: 0.0005049999999999995
2024-06-05 12:40:29 - val epoch: 76,  miou: 0.8063466607653228, f1_or_dsc: 0.8927928157751132, accuracy: 0.9289689328176753
2024-06-05 12:40:30 - train: epoch 77, iter:0, loss: 0.0156, lr: 0.0005360813071670094
2024-06-05 13:25:36 - train: epoch 77, iter:5000, loss: 0.3236, lr: 0.0005360813071670094
2024-06-05 13:44:18 - val epoch: 77,  miou: 0.7691157848367687, f1_or_dsc: 0.8694917443266528, accuracy: 0.9113409913076926
2024-06-05 13:44:19 - train: epoch 78, iter:0, loss: 0.0381, lr: 0.0005670399506143302
2024-06-05 14:29:12 - train: epoch 78, iter:5000, loss: 0.3340, lr: 0.0005670399506143302
2024-06-05 14:47:53 - val epoch: 78,  miou: 0.8079309773846128, f1_or_dsc: 0.8937630777845083, accuracy: 0.9294094359472291
2024-06-05 14:47:53 - train: epoch 79, iter:0, loss: 0.0142, lr: 0.0005977537507199331
2024-06-05 15:32:47 - train: epoch 79, iter:5000, loss: 0.3319, lr: 0.0005977537507199331
2024-06-05 15:51:16 - val epoch: 79,  miou: 0.7901378767908805, f1_or_dsc: 0.8827676203436732, accuracy: 0.9216513068321012
2024-06-05 15:51:17 - train: epoch 80, iter:0, loss: 0.0201, lr: 0.0006281014941466026
2024-06-05 16:36:00 - train: epoch 80, iter:5000, loss: 0.3551, lr: 0.0006281014941466026
2024-06-05 16:54:30 - val epoch: 80,  miou: 0.8055524465027168, f1_or_dsc: 0.8923057849280865, accuracy: 0.9277053299354077
